Starting Dynare (version 5.0).
Calling Dynare with arguments: none
Starting preprocessing of the model file ...
Found 26 equation(s).
Evaluating expressions...done
Computing static model derivatives (order 1).
Computing dynamic model derivatives (order 2).
Processing outputs ...
done
Preprocessing completed.





Residuals of the static equations:

Equation number 1 : 0 : c
Equation number 2 : 0 : x
Equation number 3 : 0 : 3
Equation number 4 : 0 : h
Equation number 5 : 0 : q
Equation number 6 : 0 : k
Equation number 7 : 0 : y
Equation number 8 : 0 : N
Equation number 9 : 0 : 9
Equation number 10 : 0 : u
Equation number 11 : 0 : pi
Equation number 12 : 0 : theta_p
Equation number 13 : 0 : 13
Equation number 14 : 0 : 14
Equation number 15 : 0 : theta_w
Equation number 16 : 0 : 16
Equation number 17 : 0 : R
Equation number 18 : 0 : v
Equation number 19 : 0 : xi
Equation number 20 : 0 : phi
Equation number 21 : 0 : psi
Equation number 22 : 0 : z
Equation number 23 : 0 : g
Equation number 24 : 0 : eps_p
Equation number 25 : 0 : eps_w
Equation number 26 : 0 : eps_n



STEADY-STATE RESULTS:

c       		 0
h       		 0
l       		 0
w       		 0
R       		 0
pi      		 0
q       		 0
r_k     		 0
k       		 0
x       		 0
y       		 0
N       		 0
u       		 0
Omega   		 0
theta_p 		 0
pi_w    		 0
theta_w 		 0
v       		 0
xi      		 0
phi     		 0
psi     		 0
z       		 0
g       		 0
eps_p   		 0
eps_w   		 0
eps_n   		 0

EIGENVALUES:
         Modulus             Real        Imaginary

          0.1192           0.1192                0
           0.498            0.498                0
          0.6631           0.6631                0
           0.745            0.745                0
          0.7877           0.7877                0
          0.8266           0.8266                0
          0.8472           0.8472                0
          0.8514           0.8514                0
          0.9331           0.9331                0
          0.9592           0.9442            0.169
          0.9592           0.9442           -0.169
          0.9626           0.9625          0.01912
          0.9626           0.9625         -0.01912
          0.9922           0.9922                0
           1.008            1.008                0
           1.016            1.014           0.0594
           1.016            1.014          -0.0594
           1.189            1.189                0
           1.503            1.503                0
       3.035e+16       -3.035e+16                0


There are 6 eigenvalue(s) larger than 1 in modulus 
for 6 forward-looking variable(s)

The rank condition is verified.

MODEL_DIAGNOSTICS:  No obvious problems with this mod-file were detected.

MODEL SUMMARY

  Number of variables:         26
  Number of stochastic shocks: 10
  Number of state variables:   14
  Number of jumpers:           6
  Number of static variables:  9


MATRIX OF COVARIANCE OF EXOGENOUS SHOCKS
Variables         e_v      e_xi     e_phi     e_psi       e_z       e_R       e_g       e_p       e_w       e_n
e_v          0.000000  0.000000  0.000000  0.000000  0.000000  0.000000  0.000000  0.000000  0.000000  0.000000
e_xi         0.000000  0.000000  0.000000  0.000000  0.000000  0.000000  0.000000  0.000000  0.000000  0.000000
e_phi        0.000000  0.000000  0.000000  0.000000  0.000000  0.000000  0.000000  0.000000  0.000000  0.000000
e_psi        0.000000  0.000000  0.000000  0.000000  0.000000  0.000000  0.000000  0.000000  0.000000  0.000000
e_z          0.000000  0.000000  0.000000  0.000000  1.000000  0.000000  0.000000  0.000000  0.000000  0.000000
e_R          0.000000  0.000000  0.000000  0.000000  0.000000  1.000000  0.000000  0.000000  0.000000  0.000000
e_g          0.000000  0.000000  0.000000  0.000000  0.000000  0.000000  0.000000  0.000000  0.000000  0.000000
e_p          0.000000  0.000000  0.000000  0.000000  0.000000  0.000000  0.000000  0.000000  0.000000  0.000000
e_w          0.000000  0.000000  0.000000  0.000000  0.000000  0.000000  0.000000  0.000000  1.000000  0.000000
e_n          0.000000  0.000000  0.000000  0.000000  0.000000  0.000000  0.000000  0.000000  0.000000  0.000000

POLICY AND TRANSITION FUNCTIONS
                                   y               c               l               w              pi         theta_p         theta_w               N             r_k               R
h(-1)                      -0.650347       -0.077849       -0.429063       -0.091439       -0.015798       -0.009385       -0.000191       -0.017474        0.072800        0.013614
w(-1)                       0.037175        0.004129        0.272240        0.683119       -0.004205        0.000536        0.000011        0.000999       -0.180625       -0.001956
R(-1)                      -1.219833       -0.218073       -0.168920       -0.444556       -0.028166       -0.017603       -0.000358       -0.032776       -0.316416        0.897373
k(-1)                       0.140896        0.021896        0.010169        0.027605        0.001375        0.002033        0.000041        0.003786       -0.262098       -0.003422
N(-1)                      -1.992907       -0.243287       -0.204458       -0.536101       -0.054729        0.505500        0.010286        0.941218        0.099615        0.040261
v(-1)                       0.077928        0.260441       -0.006704        0.008196       -0.000601        0.001125        0.000023        0.002094        0.032677       -0.002207
xi(-1)                     -0.075424       -0.008425       -0.297651        0.099943        0.004815       -0.001088       -0.000022       -0.002027        0.185032        0.003112
phi(-1)                    -0.386871       -0.092656       -0.044075       -0.119429       -0.005838       -0.005583       -0.000114       -0.010395       -0.107117        0.008920
psi(-1)                     0.045660        0.001132        0.004498        0.011388        0.000541        0.000659        0.000013        0.001227        0.013144       -0.001087
z(-1)                       0.291972        0.032592       -0.084807       -0.209550       -0.018426        0.004213        0.000086        0.007845       -0.676252       -0.011997
g(-1)                       0.152888       -0.001071        0.007356        0.018344        0.000436        0.002206        0.000045        0.004108        0.049500       -0.003956
c(-1)                       0.365146        0.956895        0.016092        0.039215       -0.000321        0.005269        0.000107        0.009811        0.119273       -0.009763
pi(-1)                     -2.151209       -0.242758       -0.384358       -0.987203        0.818034       -0.031043       -0.000632       -0.057801       -0.496413        0.245726
x(-1)                       0.296476        0.002306        0.019327        0.048690        0.001999        0.004278        0.000087        0.007966        0.092382       -0.007406
e_v                         0.001242        0.004151       -0.000107        0.000131       -0.000010        0.000018               0        0.000033        0.000521       -0.000035
e_xi                       -0.001674       -0.000187       -0.006605        0.002218        0.000107       -0.000024               0       -0.000045        0.004106        0.000069
e_phi                      -0.010282       -0.002463       -0.001171       -0.003174       -0.000155       -0.000148       -0.000003       -0.000276       -0.002847        0.000237
e_psi                       0.000211        0.000005        0.000021        0.000053        0.000002        0.000003               0        0.000006        0.000061       -0.000005
e_z                         0.001554        0.000173       -0.000451       -0.001115       -0.000098        0.000022               0        0.000042       -0.003600       -0.000064
e_R                        -0.001260       -0.000225       -0.000174       -0.000459       -0.000029       -0.000018               0       -0.000034       -0.000327        0.000927
e_g                         0.002712       -0.000019        0.000130        0.000325        0.000008        0.000039               0        0.000073        0.000878       -0.000070
e_p                        -0.010069       -0.001136       -0.002588       -0.006600        0.003799       -0.000145       -0.000003       -0.000271       -0.001761        0.001143
e_w                         0.000375        0.000042        0.002750        0.006900       -0.000042        0.000005               0        0.000010       -0.001824       -0.000020
e_n                        -0.007773       -0.000949       -0.000817       -0.002141       -0.000216        0.001973        0.000040        0.003673       -0.000787        0.000156


THEORETICAL MOMENTS
VARIABLE         MEAN  STD. DEV.   VARIANCE
y              0.0000     0.0268     0.0007
c              0.0000     0.0053     0.0000
l              0.0000     0.0057     0.0000
w              0.0000     0.0145     0.0002
pi             0.0000     0.0015     0.0000
theta_p        0.0000     0.0030     0.0000
theta_w        0.0000     0.0001     0.0000
N              0.0000     0.0056     0.0000
r_k            0.0000     0.0071     0.0001
R              0.0000     0.0041     0.0000



VARIANCE DECOMPOSITION (in percent)
              e_v    e_xi   e_phi   e_psi     e_z     e_R     e_g     e_p     e_w     e_n
y            0.00    0.00    0.00    0.00   74.07   21.58    0.00    0.00    4.35    0.00
c            0.00    0.00    0.00    0.00   65.01   31.19    0.00    0.00    3.80    0.00
l            0.00    0.00    0.00    0.00   33.32   16.12    0.00    0.00   50.56    0.00
w            0.00    0.00    0.00    0.00   33.21   16.58    0.00    0.00   50.22    0.00
pi           0.00    0.00    0.00    0.00   82.78   12.33    0.00    0.00    4.89    0.00
theta_p      0.00    0.00    0.00    0.00   79.68   15.99    0.00    0.00    4.33    0.00
theta_w      0.00    0.00    0.00    0.00   79.68   15.99    0.00    0.00    4.33    0.00
N            0.00    0.00    0.00    0.00   79.68   15.99    0.00    0.00    4.33    0.00
r_k          0.00    0.00    0.00    0.00   73.17   14.83    0.00    0.00   11.99    0.00
R            0.00    0.00    0.00    0.00   59.14   37.14    0.00    0.00    3.72    0.00



MATRIX OF CORRELATIONS
Variables          y        c        l        w       pi  theta_p  theta_w        N      r_k        R
y             1.0000   0.4283   0.6344   0.6397   0.4573   0.1048   0.1048   0.1048   0.3996  -0.4857
c             0.4283   1.0000   0.2974   0.3366  -0.3911   0.8721   0.8721   0.8721  -0.0643  -0.9456
l             0.6344   0.2974   1.0000   0.9988   0.4157   0.1116   0.1116   0.1116   0.2562  -0.3596
w             0.6397   0.3366   0.9988   1.0000   0.3896   0.1454   0.1454   0.1454   0.2523  -0.3943
pi            0.4573  -0.3911   0.4157   0.3896   1.0000  -0.5890  -0.5890  -0.5890   0.6263   0.2955
theta_p       0.1048   0.8721   0.1116   0.1454  -0.5890   1.0000   1.0000   1.0000  -0.3055  -0.8383
theta_w       0.1048   0.8721   0.1116   0.1454  -0.5890   1.0000   1.0000   1.0000  -0.3055  -0.8383
N             0.1048   0.8721   0.1116   0.1454  -0.5890   1.0000   1.0000   1.0000  -0.3055  -0.8383
r_k           0.3996  -0.0643   0.2562   0.2523   0.6263  -0.3055  -0.3055  -0.3055   1.0000  -0.0077
R            -0.4857  -0.9456  -0.3596  -0.3943   0.2955  -0.8383  -0.8383  -0.8383  -0.0077   1.0000



COEFFICIENTS OF AUTOCORRELATION
Order           1       2       3       4       5
y          0.9814  0.9294  0.8484  0.7436  0.6201
c          0.9902  0.9627  0.9195  0.8629  0.7954
l          0.8527  0.7294  0.6192  0.5159  0.4166
w          0.8544  0.7316  0.6210  0.5165  0.4154
pi         0.9911  0.9684  0.9349  0.8931  0.8448
theta_p    0.9918  0.9675  0.9279  0.8744  0.8087
theta_w    0.9918  0.9675  0.9279  0.8744  0.8087
N          0.9918  0.9675  0.9279  0.8744  0.8087
r_k        0.7880  0.6206  0.4847  0.3720  0.2773
R          0.9670  0.9231  0.8681  0.8029  0.7288
Total computing time : 0h00m05s
